INFO:pyomo.util.infeasible:CONSTR cons1[1]: 1000000.0 </= 0
  - EXPR: 1000000.0 </= 100*x[1]
  - VAR x[1]: 0
INFO:pyomo.util.infeasible:CONSTR cons1[2]: 0 </= -3.0
  - EXPR: 100*x[1] </= -3.0
  - VAR x[1]: 0
INFO:pyomo.util.infeasible:CONSTR cons1[3]: 1000000.0 </= 0
  - EXPR: 1000000.0 </= 100*x[2]
  - VAR x[2]: 0
INFO:pyomo.util.infeasible:CONSTR cons1[4]: 0 </= -3.0
  - EXPR: 100*x[2] </= -3.0
  - VAR x[2]: 0
INFO:pyomo.util.infeasible:CONSTR cons1[5]: 1000000.0 </= 0
  - EXPR: 1000000.0 </= 100*x[3]
  - VAR x[3]: 0
INFO:pyomo.util.infeasible:CONSTR cons1[6]: 0 </= -3.0
  - EXPR: 100*x[3] </= -3.0
  - VAR x[3]: 0
INFO:pyomo.util.infeasible:CONSTR cons1[1]: 1000000.0 </= 0
INFO:pyomo.util.infeasible:CONSTR cons1[2]: 0 </= -3.0
INFO:pyomo.util.infeasible:CONSTR cons1[3]: 1000000.0 </= 0
INFO:pyomo.util.infeasible:CONSTR cons1[4]: 0 </= -3.0
INFO:pyomo.util.infeasible:CONSTR cons1[5]: 1000000.0 </= 0
INFO:pyomo.util.infeasible:CONSTR cons1[6]: 0 </= -3.0
